Arguments: 
  /Users/ims/.nvm/versions/node/v12.8.1/bin/node /usr/local/bin/yarn

PATH: 
  /Users/ims/.nvm/versions/node/v12.8.1/bin:/Users/ims/bin:/usr/local/bin:/usr/local/bin:/usr/bin:/bin:/usr/sbin:/sbin:/Users/ims/.nvm/versions/node/v12.3.1/bin:/Users/ims/bin

Yarn version: 
  1.13.0

Node version: 
  12.8.1

Platform: 
  darwin x64

Trace: 
  SyntaxError: /Users/ims/Desktop/guanjie/ganker/graphql-orm/package.json: Unexpected token } in JSON at position 1801
      at JSON.parse (<anonymous>)
      at /usr/local/lib/node_modules/yarn/lib/cli.js:1625:59
      at Generator.next (<anonymous>)
      at step (/usr/local/lib/node_modules/yarn/lib/cli.js:304:30)
      at /usr/local/lib/node_modules/yarn/lib/cli.js:315:13

npm manifest: 
  {
    "name": "root",
    "private": true,
    "devDependencies": {
      "lerna": "^3.13.1",
      "@types/chai": "^4.1.2",
      "@types/chai-as-promised": "7.1.0",
      "@types/debug": "4.1.2",
      "@types/mocha": "^5.2.6",
      "@types/node": "^9.6.0",
      "@types/rimraf": "^2.0.2",
      "@types/sinon": "^7.0.8",
      "@types/source-map-support": "^0.4.2",
      "@types/yargs": "^12.0.9",
      "chai": "^4.2.0",
      "chai-as-promised": "^7.1.1",
      "class-transformer": "^0.2.3",
      "conventional-changelog-angular": "^5.0.3",
      "conventional-changelog-cli": "^2.0.21",
      "del": "^3.0.0",
      "gulp": "^4.0.0",
      "gulp-istanbul": "^1.1.3",
      "gulp-mocha": "^6.0.0",
      "gulp-rename": "^1.2.2",
      "gulp-replace": "^1.0.0",
      "gulp-shell": "^0.6.5",
      "gulp-sourcemaps": "^2.6.5",
      "gulp-tslint": "^8.1.4",
      "gulp-typescript": "^5.0.0",
      "gulpclass": "^0.2.0",
      "husky": "^1.3.1",
      "lint-staged": "^8.1.4",
      "mocha": "^6.1.4",
      "mongodb": "^3.1.13",
      "mssql": "^4.3.2",
      "mysql": "^2.15.0",
      "mysql2": "^1.6.5",
      "pg": "^7.8.1",
      "redis": "^2.8.0",
      "remap-istanbul": "^0.13.0",
      "rimraf": "^2.6.3",
      "sinon": "^7.2.5",
      "sinon-chai": "^3.3.0",
      "source-map-support": "^0.5.10",
      "sql.js": "^1.0.0",
      "sqlite3": "^4.0.9",
      "ts-node": "^8.0.2",
      "tslint": "^5.13.1",
      "typescript": "^3.3.3333",
      "typeorm-aurora-data-api-driver": "^1.1.1"
    },
    "dependencies": {
      "app-root-path": "^2.0.1",
      "buffer": "^5.1.0",
      "chalk": "^2.4.2",
      "cli-highlight": "^2.0.0",
      "debug": "^4.1.1",
      "dotenv": "^6.2.0",
      "glob": "^7.1.2",
      "js-yaml": "^3.13.1",
      "mkdirp": "^0.5.1",
      "reflect-metadata": "^0.1.13",
      "tslib": "^1.9.0",
      "xml2js": "^0.4.17",
      "yargonaut": "^1.1.2",
      "yargs": "^13.2.1"
    },
  }

yarn manifest: 
  No manifest

Lockfile: 
  No lockfile
